0 info it worked if it ends with ok
1 verbose cli [ '/Users/dbuarque/.nvm/versions/node/v4.2.3/bin/node',
1 verbose cli   '/Users/dbuarque/.nvm/versions/node/v4.2.3/bin/npm',
1 verbose cli   'version',
1 verbose cli   'patch',
1 verbose cli   '-m',
1 verbose cli   'testing npm version' ]
2 info using npm@3.5.3
3 info using node@v4.2.3
4 info git [ 'status', '--porcelain' ]
5 verbose stack Error: Git working directory not clean.
5 verbose stack D gulpfile.js
5 verbose stack D index.js
5 verbose stack M package.json
5 verbose stack D qa/questions.js
5 verbose stack M tests/index.js
5 verbose stack     at /Users/dbuarque/.nvm/versions/node/v4.2.3/lib/node_modules/npm/lib/version.js:172:21
5 verbose stack     at ChildProcess.exithandler (child_process.js:194:7)
5 verbose stack     at emitTwo (events.js:87:13)
5 verbose stack     at ChildProcess.emit (events.js:172:7)
5 verbose stack     at maybeClose (internal/child_process.js:818:16)
5 verbose stack     at Socket.<anonymous> (internal/child_process.js:319:11)
5 verbose stack     at emitOne (events.js:77:13)
5 verbose stack     at Socket.emit (events.js:169:7)
5 verbose stack     at Pipe._onclose (net.js:469:12)
6 verbose cwd /Users/dbuarque/workspace/getty/repack-workspace/repack
7 error Darwin 15.2.0
8 error argv "/Users/dbuarque/.nvm/versions/node/v4.2.3/bin/node" "/Users/dbuarque/.nvm/versions/node/v4.2.3/bin/npm" "version" "patch" "-m" "testing npm version"
9 error node v4.2.3
10 error npm  v3.5.3
11 error Git working directory not clean.
11 error D gulpfile.js
11 error D index.js
11 error M package.json
11 error D qa/questions.js
11 error M tests/index.js
12 error If you need help, you may report this error at:
12 error     <https://github.com/npm/npm/issues>
13 verbose exit [ 1, true ]
